# JRE version: OpenJDK Runtime Environment Temurin-21.0.10+7 (21.0.10+7) (build 21.0.10+7-LTS)
# Java VM: OpenJDK 64-Bit Server VM Temurin-21.0.10+7 (21.0.10+7-LTS, mixed mode, sharing, tiered, compressed oops, compressed class ptrs, parallel gc, bsd-aarch64)
GC Precious Log:
 CardTable entry size: 512
 CPUs: 8 total, 8 available
 Memory: 16384M
 Large Page Support: Disabled
 NUMA Support: Disabled
 Compressed Oops: Enabled (Zero based)
 Alignments: Space 512K, Generation 512K, Heap 8M
 Heap Min Capacity: 104M
 Heap Initial Capacity: 104M
 Heap Max Capacity: 2G
 Pre-touch: Disabled
 Parallel Workers: 8
Heap:
 PSYoungGen      total 8704K, used 8448K [0x00000007d5580000, 0x00000007d6600000, 0x0000000800000000)
  eden space 8192K, 100% used [0x00000007d5580000,0x00000007d5d80000,0x00000007d5d80000)
  from space 512K, 50% used [0x00000007d6580000,0x00000007d65c0000,0x00000007d6600000)
  to   space 1024K, 0% used [0x00000007d6400000,0x00000007d6400000,0x00000007d6500000)
 ParOldGen       total 864256K, used 863784K [0x0000000780000000, 0x00000007b4c00000, 0x00000007d5580000)
  object space 864256K, 99% used [0x0000000780000000,0x00000007b4b8a230,0x00000007b4c00000)
 Metaspace       used 76914K, committed 78528K, reserved 1179648K
  class space    used 8292K, committed 8960K, reserved 1048576K
GC Heap History (20 events):
Event: 31.792 GC heap after
{Heap after GC invocations=994 (full 3):
 PSYoungGen      total 4608K, used 512K [0x00000007d5580000, 0x00000007d6280000, 0x0000000800000000)
  eden space 4096K, 0% used [0x00000007d5580000,0x00000007d5580000,0x00000007d5980000)
  from space 512K, 100% used [0x00000007d5a80000,0x00000007d5b00000,0x00000007d5b00000)
  to   space 4608K, 0% used [0x00000007d5e00000,0x00000007d5e00000,0x00000007d6280000)
 ParOldGen       total 803840K, used 803738K [0x0000000780000000, 0x00000007b1100000, 0x00000007d5580000)
  object space 803840K, 99% used [0x0000000780000000,0x00000007b10e6aa0,0x00000007b1100000)
 Metaspace       used 76391K, committed 78080K, reserved 1179648K
  class space    used 8224K, committed 8896K, reserved 1048576K
}
Event: 31.801 GC heap before
{Heap before GC invocations=995 (full 3):
 PSYoungGen      total 4608K, used 4608K [0x00000007d5580000, 0x00000007d6280000, 0x0000000800000000)
  eden space 4096K, 100% used [0x00000007d5580000,0x00000007d5980000,0x00000007d5980000)
  from space 512K, 100% used [0x00000007d5a80000,0x00000007d5b00000,0x00000007d5b00000)
  to   space 4608K, 0% used [0x00000007d5e00000,0x00000007d5e00000,0x00000007d6280000)
 ParOldGen       total 803840K, used 803738K [0x0000000780000000, 0x00000007b1100000, 0x00000007d5580000)
  object space 803840K, 99% used [0x0000000780000000,0x00000007b10e6aa0,0x00000007b1100000)
 Metaspace       used 76391K, committed 78080K, reserved 1179648K
  class space    used 8224K, committed 8896K, reserved 1048576K
}
Event: 31.807 GC heap after
{Heap after GC invocations=995 (full 3):
 PSYoungGen      total 8704K, used 4160K [0x00000007d5580000, 0x00000007d6280000, 0x0000000800000000)
  eden space 4096K, 0% used [0x00000007d5580000,0x00000007d5580000,0x00000007d5980000)
  from space 4608K, 90% used [0x00000007d5e00000,0x00000007d6210000,0x00000007d6280000)
  to   space 4608K, 0% used [0x00000007d5980000,0x00000007d5980000,0x00000007d5e00000)
 ParOldGen       total 804352K, used 804274K [0x0000000780000000, 0x00000007b1180000, 0x00000007d5580000)
  object space 804352K, 99% used [0x0000000780000000,0x00000007b116caa0,0x00000007b1180000)
 Metaspace       used 76391K, committed 78080K, reserved 1179648K
  class space    used 8224K, committed 8896K, reserved 1048576K
}
Event: 31.817 GC heap before
{Heap before GC invocations=996 (full 3):
 PSYoungGen      total 8704K, used 8256K [0x00000007d5580000, 0x00000007d6280000, 0x0000000800000000)
  eden space 4096K, 100% used [0x00000007d5580000,0x00000007d5980000,0x00000007d5980000)
  from space 4608K, 90% used [0x00000007d5e00000,0x00000007d6210000,0x00000007d6280000)
  to   space 4608K, 0% used [0x00000007d5980000,0x00000007d5980000,0x00000007d5e00000)
 ParOldGen       total 804352K, used 804274K [0x0000000780000000, 0x00000007b1180000, 0x00000007d5580000)
  object space 804352K, 99% used [0x0000000780000000,0x00000007b116caa0,0x00000007b1180000)
 Metaspace       used 76391K, committed 78080K, reserved 1179648K
  class space    used 8224K, committed 8896K, reserved 1048576K
}
Event: 31.823 GC heap after
{Heap after GC invocations=996 (full 3):
 PSYoungGen      total 8704K, used 4224K [0x00000007d5580000, 0x00000007d6380000, 0x0000000800000000)
  eden space 4096K, 0% used [0x00000007d5580000,0x00000007d5580000,0x00000007d5980000)
  from space 4608K, 91% used [0x00000007d5980000,0x00000007d5da0000,0x00000007d5e00000)
  to   space 4608K, 0% used [0x00000007d5f00000,0x00000007d5f00000,0x00000007d6380000)
 ParOldGen       total 808448K, used 808354K [0x0000000780000000, 0x00000007b1580000, 0x00000007d5580000)
  object space 808448K, 99% used [0x0000000780000000,0x00000007b1568aa0,0x00000007b1580000)
 Metaspace       used 76391K, committed 78080K, reserved 1179648K
  class space    used 8224K, committed 8896K, reserved 1048576K
}
Event: 31.839 GC heap before
{Heap before GC invocations=997 (full 3):
 PSYoungGen      total 8704K, used 8171K [0x00000007d5580000, 0x00000007d6380000, 0x0000000800000000)
  eden space 4096K, 96% used [0x00000007d5580000,0x00000007d595ace8,0x00000007d5980000)
  from space 4608K, 91% used [0x00000007d5980000,0x00000007d5da0000,0x00000007d5e00000)
  to   space 4608K, 0% used [0x00000007d5f00000,0x00000007d5f00000,0x00000007d6380000)
 ParOldGen       total 808448K, used 808354K [0x0000000780000000, 0x00000007b1580000, 0x00000007d5580000)
  object space 808448K, 99% used [0x0000000780000000,0x00000007b1568aa0,0x00000007b1580000)
 Metaspace       used 76392K, committed 78080K, reserved 1179648K
  class space    used 8224K, committed 8896K, reserved 1048576K
}
Event: 31.843 GC heap after
{Heap after GC invocations=997 (full 3):
 PSYoungGen      total 8704K, used 3552K [0x00000007d5580000, 0x00000007d6280000, 0x0000000800000000)
  eden space 5120K, 0% used [0x00000007d5580000,0x00000007d5580000,0x00000007d5a80000)
  from space 3584K, 99% used [0x00000007d5f00000,0x00000007d6278000,0x00000007d6280000)
  to   space 4096K, 0% used [0x00000007d5a80000,0x00000007d5a80000,0x00000007d5e80000)
 ParOldGen       total 812544K, used 812434K [0x0000000780000000, 0x00000007b1980000, 0x00000007d5580000)
  object space 812544K, 99% used [0x0000000780000000,0x00000007b1964aa0,0x00000007b1980000)
 Metaspace       used 76392K, committed 78080K, reserved 1179648K
  class space    used 8224K, committed 8896K, reserved 1048576K
}
Event: 31.872 GC heap before
{Heap before GC invocations=998 (full 3):
 PSYoungGen      total 8704K, used 8672K [0x00000007d5580000, 0x00000007d6280000, 0x0000000800000000)
  eden space 5120K, 100% used [0x00000007d5580000,0x00000007d5a80000,0x00000007d5a80000)
  from space 3584K, 99% used [0x00000007d5f00000,0x00000007d6278000,0x00000007d6280000)
  to   space 4096K, 0% used [0x00000007d5a80000,0x00000007d5a80000,0x00000007d5e80000)
 ParOldGen       total 812544K, used 812434K [0x0000000780000000, 0x00000007b1980000, 0x00000007d5580000)
  object space 812544K, 99% used [0x0000000780000000,0x00000007b1964aa0,0x00000007b1980000)
 Metaspace       used 76392K, committed 78080K, reserved 1179648K
  class space    used 8224K, committed 8896K, reserved 1048576K
}
Event: 31.877 GC heap after
{Heap after GC invocations=998 (full 3):
 PSYoungGen      total 9216K, used 4080K [0x00000007d5580000, 0x00000007d6a80000, 0x0000000800000000)
  eden space 5120K, 0% used [0x00000007d5580000,0x00000007d5580000,0x00000007d5a80000)
  from space 4096K, 99% used [0x00000007d5a80000,0x00000007d5e7c360,0x00000007d5e80000)
  to   space 8192K, 0% used [0x00000007d6280000,0x00000007d6280000,0x00000007d6a80000)
 ParOldGen       total 816128K, used 815634K [0x0000000780000000, 0x00000007b1d00000, 0x00000007d5580000)
  object space 816128K, 99% used [0x0000000780000000,0x00000007b1c84aa0,0x00000007b1d00000)
 Metaspace       used 76392K, committed 78080K, reserved 1179648K
  class space    used 8224K, committed 8896K, reserved 1048576K
}
Event: 31.885 GC heap before
{Heap before GC invocations=999 (full 3):
 PSYoungGen      total 9216K, used 9200K [0x00000007d5580000, 0x00000007d6a80000, 0x0000000800000000)
  eden space 5120K, 100% used [0x00000007d5580000,0x00000007d5a80000,0x00000007d5a80000)
  from space 4096K, 99% used [0x00000007d5a80000,0x00000007d5e7c360,0x00000007d5e80000)
  to   space 8192K, 0% used [0x00000007d6280000,0x00000007d6280000,0x00000007d6a80000)
 ParOldGen       total 816128K, used 815634K [0x0000000780000000, 0x00000007b1d00000, 0x00000007d5580000)
  object space 816128K, 99% used [0x0000000780000000,0x00000007b1c84aa0,0x00000007b1d00000)
 Metaspace       used 76400K, committed 78080K, reserved 1179648K
  class space    used 8224K, committed 8896K, reserved 1048576K
}
Event: 31.888 GC heap after
{Heap after GC invocations=999 (full 3):
 PSYoungGen      total 10752K, used 4576K [0x00000007d5580000, 0x00000007d6700000, 0x0000000800000000)
  eden space 6144K, 0% used [0x00000007d5580000,0x00000007d5580000,0x00000007d5b80000)
  from space 4608K, 99% used [0x00000007d6280000,0x00000007d66f8000,0x00000007d6700000)
  to   space 5632K, 0% used [0x00000007d5c00000,0x00000007d5c00000,0x00000007d6180000)
 ParOldGen       total 819712K, used 819675K [0x0000000780000000, 0x00000007b2080000, 0x00000007d5580000)
  object space 819712K, 99% used [0x0000000780000000,0x00000007b2076e00,0x00000007b2080000)
 Metaspace       used 76400K, committed 78080K, reserved 1179648K
  class space    used 8224K, committed 8896K, reserved 1048576K
}
Event: 31.896 GC heap before
{Heap before GC invocations=1000 (full 3):
 PSYoungGen      total 10752K, used 10720K [0x00000007d5580000, 0x00000007d6700000, 0x0000000800000000)
  eden space 6144K, 100% used [0x00000007d5580000,0x00000007d5b80000,0x00000007d5b80000)
  from space 4608K, 99% used [0x00000007d6280000,0x00000007d66f8000,0x00000007d6700000)
  to   space 5632K, 0% used [0x00000007d5c00000,0x00000007d5c00000,0x00000007d6180000)
 ParOldGen       total 819712K, used 819675K [0x0000000780000000, 0x00000007b2080000, 0x00000007d5580000)
  object space 819712K, 99% used [0x0000000780000000,0x00000007b2076e00,0x00000007b2080000)
 Metaspace       used 76403K, committed 78080K, reserved 1179648K
  class space    used 8224K, committed 8896K, reserved 1048576K
}
Event: 31.900 GC heap after
{Heap after GC invocations=1000 (full 3):
 PSYoungGen      total 12288K, used 5626K [0x00000007d5580000, 0x00000007d7300000, 0x0000000800000000)
  eden space 6656K, 0% used [0x00000007d5580000,0x00000007d5580000,0x00000007d5c00000)
  from space 5632K, 99% used [0x00000007d5c00000,0x00000007d617e860,0x00000007d6180000)
  to   space 11264K, 0% used [0x00000007d6800000,0x00000007d6800000,0x00000007d7300000)
 ParOldGen       total 824320K, used 824195K [0x0000000780000000, 0x00000007b2500000, 0x00000007d5580000)
  object space 824320K, 99% used [0x0000000780000000,0x00000007b24e0e00,0x00000007b2500000)
 Metaspace       used 76403K, committed 78080K, reserved 1179648K
  class space    used 8224K, committed 8896K, reserved 1048576K
}
Event: 31.908 GC heap before
{Heap before GC invocations=1001 (full 3):
 PSYoungGen      total 12288K, used 11663K [0x00000007d5580000, 0x00000007d7300000, 0x0000000800000000)
  eden space 6656K, 90% used [0x00000007d5580000,0x00000007d5b65768,0x00000007d5c00000)
  from space 5632K, 99% used [0x00000007d5c00000,0x00000007d617e860,0x00000007d6180000)
  to   space 11264K, 0% used [0x00000007d6800000,0x00000007d6800000,0x00000007d7300000)
 ParOldGen       total 824320K, used 824195K [0x0000000780000000, 0x00000007b2500000, 0x00000007d5580000)
  object space 824320K, 99% used [0x0000000780000000,0x00000007b24e0e00,0x00000007b2500000)
 Metaspace       used 76415K, committed 78080K, reserved 1179648K
  class space    used 8224K, committed 8896K, reserved 1048576K
}
Event: 31.911 GC heap after
{Heap after GC invocations=1001 (full 3):
 PSYoungGen      total 13312K, used 4911K [0x00000007d5580000, 0x00000007d6d00000, 0x0000000800000000)
  eden space 8192K, 0% used [0x00000007d5580000,0x00000007d5580000,0x00000007d5d80000)
  from space 5120K, 95% used [0x00000007d6800000,0x00000007d6ccbc48,0x00000007d6d00000)
  to   space 7168K, 0% used [0x00000007d5f00000,0x00000007d5f00000,0x00000007d6600000)
 ParOldGen       total 829952K, used 829824K [0x0000000780000000, 0x00000007b2a80000, 0x00000007d5580000)
  object space 829952K, 99% used [0x0000000780000000,0x00000007b2a60200,0x00000007b2a80000)
 Metaspace       used 76415K, committed 78080K, reserved 1179648K
  class space    used 8224K, committed 8896K, reserved 1048576K
}
Event: 58.146 GC heap before
{Heap before GC invocations=1002 (full 3):
 PSYoungGen      total 13312K, used 13103K [0x00000007d5580000, 0x00000007d6d00000, 0x0000000800000000)
  eden space 8192K, 99% used [0x00000007d5580000,0x00000007d5d7ffc8,0x00000007d5d80000)
  from space 5120K, 95% used [0x00000007d6800000,0x00000007d6ccbc48,0x00000007d6d00000)
  to   space 7168K, 0% used [0x00000007d5f00000,0x00000007d5f00000,0x00000007d6600000)
 ParOldGen       total 861696K, used 860544K [0x0000000780000000, 0x00000007b4980000, 0x00000007d5580000)
  object space 861696K, 99% used [0x0000000780000000,0x00000007b4860230,0x00000007b4980000)
 Metaspace       used 76553K, committed 78208K, reserved 1179648K
  class space    used 8236K, committed 8896K, reserved 1048576K
}
Event: 58.155 GC heap after
{Heap after GC invocations=1002 (full 3):
 PSYoungGen      total 9728K, used 1184K [0x00000007d5580000, 0x00000007d6880000, 0x0000000800000000)
  eden space 8192K, 0% used [0x00000007d5580000,0x00000007d5580000,0x00000007d5d80000)
  from space 1536K, 77% used [0x00000007d5f00000,0x00000007d6028000,0x00000007d6080000)
  to   space 3072K, 0% used [0x00000007d6580000,0x00000007d6580000,0x00000007d6880000)
 ParOldGen       total 863232K, used 862784K [0x0000000780000000, 0x00000007b4b00000, 0x00000007d5580000)
  object space 863232K, 99% used [0x0000000780000000,0x00000007b4a90230,0x00000007b4b00000)
 Metaspace       used 76553K, committed 78208K, reserved 1179648K
  class space    used 8236K, committed 8896K, reserved 1048576K
}
Event: 828.524 GC heap before
{Heap before GC invocations=1003 (full 3):
 PSYoungGen      total 9728K, used 9376K [0x00000007d5580000, 0x00000007d6880000, 0x0000000800000000)
  eden space 8192K, 100% used [0x00000007d5580000,0x00000007d5d80000,0x00000007d5d80000)
  from space 1536K, 77% used [0x00000007d5f00000,0x00000007d6028000,0x00000007d6080000)
  to   space 3072K, 0% used [0x00000007d6580000,0x00000007d6580000,0x00000007d6880000)
 ParOldGen       total 863232K, used 862784K [0x0000000780000000, 0x00000007b4b00000, 0x00000007d5580000)
  object space 863232K, 99% used [0x0000000780000000,0x00000007b4a90230,0x00000007b4b00000)
 Metaspace       used 76860K, committed 78464K, reserved 1179648K
  class space    used 8292K, committed 8960K, reserved 1048576K
}
Event: 828.562 GC heap after
{Heap after GC invocations=1003 (full 3):
 PSYoungGen      total 8704K, used 256K [0x00000007d5580000, 0x00000007d6600000, 0x0000000800000000)
  eden space 8192K, 0% used [0x00000007d5580000,0x00000007d5580000,0x00000007d5d80000)
  from space 512K, 50% used [0x00000007d6580000,0x00000007d65c0000,0x00000007d6600000)
  to   space 1024K, 0% used [0x00000007d6400000,0x00000007d6400000,0x00000007d6500000)
 ParOldGen       total 864256K, used 863784K [0x0000000780000000, 0x00000007b4c00000, 0x00000007d5580000)
  object space 864256K, 99% used [0x0000000780000000,0x00000007b4b8a230,0x00000007b4c00000)
 Metaspace       used 76860K, committed 78464K, reserved 1179648K
  class space    used 8292K, committed 8960K, reserved 1048576K
}
Event: 2459.592 GC heap before
{Heap before GC invocations=1004 (full 3):
 PSYoungGen      total 8704K, used 8448K [0x00000007d5580000, 0x00000007d6600000, 0x0000000800000000)
  eden space 8192K, 100% used [0x00000007d5580000,0x00000007d5d80000,0x00000007d5d80000)
  from space 512K, 50% used [0x00000007d6580000,0x00000007d65c0000,0x00000007d6600000)
  to   space 1024K, 0% used [0x00000007d6400000,0x00000007d6400000,0x00000007d6500000)
 ParOldGen       total 864256K, used 863784K [0x0000000780000000, 0x00000007b4c00000, 0x00000007d5580000)
  object space 864256K, 99% used [0x0000000780000000,0x00000007b4b8a230,0x00000007b4c00000)
 Metaspace       used 76914K, committed 78528K, reserved 1179648K
  class space    used 8292K, committed 8960K, reserved 1048576K
}

